[0.167s] Invoking command in '/mnt/d/Curtin_Colombo/year_3/sem_1/mxen3005/assignment/mxen_ws/build/dobot_interface': CMAKE_PREFIX_PATH=${CMAKE_PREFIX_PATH}:/opt/ros/kilted /usr/bin/cmake --build /mnt/d/Curtin_Colombo/year_3/sem_1/mxen3005/assignment/mxen_ws/build/dobot_interface -- -j16 -l16
[0.860s] [  1%] Built target dobot_interface__rosidl_generator_type_description
[0.930s] [  3%] Built target dobot_interface__rs
[1.110s] [  5%] Built target dobot_interface__cpp
[1.983s] [ 12%] Built target ament_cmake_python_copy_dobot_interface
[2.012s] [ 25%] Built target dobot_interface__rosidl_generator_c
[2.365s] running egg_info
[2.380s] writing dobot_interface.egg-info/PKG-INFO
[2.389s] writing dependency_links to dobot_interface.egg-info/dependency_links.txt
[2.398s] writing top-level names to dobot_interface.egg-info/top_level.txt
[2.507s] reading manifest file 'dobot_interface.egg-info/SOURCES.txt'
[2.574s] [ 34%] Built target dobot_interface__rosidl_typesupport_c
[2.631s] writing manifest file 'dobot_interface.egg-info/SOURCES.txt'
[2.692s] [ 34%] Built target ament_cmake_python_build_dobot_interface_egg
[2.795s] [ 43%] Built target dobot_interface__rosidl_typesupport_introspection_c
[3.428s] [ 52%] Built target dobot_interface__rosidl_typesupport_cpp
[3.513s] [ 61%] Built target dobot_interface__rosidl_typesupport_introspection_cpp
[3.553s] [ 70%] Built target dobot_interface__rosidl_typesupport_fastrtps_c
[3.624s] [ 80%] Built target dobot_interface__rosidl_typesupport_fastrtps_cpp
[3.717s] [ 80%] Built target dobot_interface
[3.872s] [ 81%] Built target dobot_interface__py
[4.420s] [ 89%] Built target dobot_interface__rosidl_generator_py
[4.790s] gmake[2]: Warning: File 'CMakeFiles/dobot_interface_s__rosidl_typesupport_c.dir/compiler_depend.make' has modification time 0.012 s in the future
[4.790s] gmake[2]: Warning: File 'CMakeFiles/dobot_interface_s__rosidl_typesupport_introspection_c.dir/compiler_depend.make' has modification time 0.011 s in the future
[4.795s] gmake[2]: Warning: File 'CMakeFiles/dobot_interface_s__rosidl_typesupport_fastrtps_c.dir/compiler_depend.make' has modification time 0.009 s in the future
[4.828s] gmake[2]: warning:  Clock skew detected.  Your build may be incomplete.
[4.830s] gmake[2]: warning:  Clock skew detected.  Your build may be incomplete.
[4.851s] [ 96%] Built target dobot_interface_s__rosidl_typesupport_c
[4.853s] [ 96%] Built target dobot_interface_s__rosidl_typesupport_introspection_c
[4.866s] gmake[2]: warning:  Clock skew detected.  Your build may be incomplete.
[4.884s] [100%] Built target dobot_interface_s__rosidl_typesupport_fastrtps_c
[5.222s] Invoked command in '/mnt/d/Curtin_Colombo/year_3/sem_1/mxen3005/assignment/mxen_ws/build/dobot_interface' returned '0': CMAKE_PREFIX_PATH=${CMAKE_PREFIX_PATH}:/opt/ros/kilted /usr/bin/cmake --build /mnt/d/Curtin_Colombo/year_3/sem_1/mxen3005/assignment/mxen_ws/build/dobot_interface -- -j16 -l16
[5.273s] Invoking command in '/mnt/d/Curtin_Colombo/year_3/sem_1/mxen3005/assignment/mxen_ws/build/dobot_interface': CMAKE_PREFIX_PATH=${CMAKE_PREFIX_PATH}:/opt/ros/kilted /usr/bin/cmake --install /mnt/d/Curtin_Colombo/year_3/sem_1/mxen3005/assignment/mxen_ws/build/dobot_interface
[5.297s] -- Install configuration: ""
[5.380s] -- Up-to-date: /mnt/d/Curtin_Colombo/year_3/sem_1/mxen3005/assignment/mxen_ws/install/dobot_interface/share/ament_index/resource_index/rosidl_interfaces/dobot_interface
[5.481s] -- Up-to-date: /mnt/d/Curtin_Colombo/year_3/sem_1/mxen3005/assignment/mxen_ws/install/dobot_interface/share/dobot_interface/action/JointPTP.json
[5.538s] -- Up-to-date: /mnt/d/Curtin_Colombo/year_3/sem_1/mxen3005/assignment/mxen_ws/install/dobot_interface/share/dobot_interface/action/PosePTP.json
[5.580s] -- Up-to-date: /mnt/d/Curtin_Colombo/year_3/sem_1/mxen3005/assignment/mxen_ws/install/dobot_interface/share/dobot_interface/srv/PickAndPlace.json
[5.631s] -- Up-to-date: /mnt/d/Curtin_Colombo/year_3/sem_1/mxen3005/assignment/mxen_ws/install/dobot_interface/include/dobot_interface/dobot_interface
[5.702s] -- Up-to-date: /mnt/d/Curtin_Colombo/year_3/sem_1/mxen3005/assignment/mxen_ws/install/dobot_interface/include/dobot_interface/dobot_interface/action
[5.792s] -- Up-to-date: /mnt/d/Curtin_Colombo/year_3/sem_1/mxen3005/assignment/mxen_ws/install/dobot_interface/include/dobot_interface/dobot_interface/action/detail
[5.904s] -- Up-to-date: /mnt/d/Curtin_Colombo/year_3/sem_1/mxen3005/assignment/mxen_ws/install/dobot_interface/include/dobot_interface/dobot_interface/action/detail/joint_ptp__description.c
[5.945s] -- Up-to-date: /mnt/d/Curtin_Colombo/year_3/sem_1/mxen3005/assignment/mxen_ws/install/dobot_interface/include/dobot_interface/dobot_interface/action/detail/joint_ptp__functions.c
[6.023s] -- Up-to-date: /mnt/d/Curtin_Colombo/year_3/sem_1/mxen3005/assignment/mxen_ws/install/dobot_interface/include/dobot_interface/dobot_interface/action/detail/joint_ptp__functions.h
[6.144s] -- Up-to-date: /mnt/d/Curtin_Colombo/year_3/sem_1/mxen3005/assignment/mxen_ws/install/dobot_interface/include/dobot_interface/dobot_interface/action/detail/joint_ptp__struct.h
[6.237s] -- Installing: /mnt/d/Curtin_Colombo/year_3/sem_1/mxen3005/assignment/mxen_ws/install/dobot_interface/include/dobot_interface/dobot_interface/action/detail/joint_ptp__type_support.c
[6.637s] -- Up-to-date: /mnt/d/Curtin_Colombo/year_3/sem_1/mxen3005/assignment/mxen_ws/install/dobot_interface/include/dobot_interface/dobot_interface/action/detail/joint_ptp__type_support.h
[6.716s] -- Up-to-date: /mnt/d/Curtin_Colombo/year_3/sem_1/mxen3005/assignment/mxen_ws/install/dobot_interface/include/dobot_interface/dobot_interface/action/detail/pose_ptp__description.c
[6.811s] -- Up-to-date: /mnt/d/Curtin_Colombo/year_3/sem_1/mxen3005/assignment/mxen_ws/install/dobot_interface/include/dobot_interface/dobot_interface/action/detail/pose_ptp__functions.c
[6.901s] -- Up-to-date: /mnt/d/Curtin_Colombo/year_3/sem_1/mxen3005/assignment/mxen_ws/install/dobot_interface/include/dobot_interface/dobot_interface/action/detail/pose_ptp__functions.h
[7.022s] -- Up-to-date: /mnt/d/Curtin_Colombo/year_3/sem_1/mxen3005/assignment/mxen_ws/install/dobot_interface/include/dobot_interface/dobot_interface/action/detail/pose_ptp__struct.h
[7.200s] -- Installing: /mnt/d/Curtin_Colombo/year_3/sem_1/mxen3005/assignment/mxen_ws/install/dobot_interface/include/dobot_interface/dobot_interface/action/detail/pose_ptp__type_support.c
[7.438s] -- Up-to-date: /mnt/d/Curtin_Colombo/year_3/sem_1/mxen3005/assignment/mxen_ws/install/dobot_interface/include/dobot_interface/dobot_interface/action/detail/pose_ptp__type_support.h
[7.486s] -- Up-to-date: /mnt/d/Curtin_Colombo/year_3/sem_1/mxen3005/assignment/mxen_ws/install/dobot_interface/include/dobot_interface/dobot_interface/action/joint_ptp.h
[7.540s] -- Up-to-date: /mnt/d/Curtin_Colombo/year_3/sem_1/mxen3005/assignment/mxen_ws/install/dobot_interface/include/dobot_interface/dobot_interface/action/pose_ptp.h
[7.633s] -- Up-to-date: /mnt/d/Curtin_Colombo/year_3/sem_1/mxen3005/assignment/mxen_ws/install/dobot_interface/include/dobot_interface/dobot_interface/msg
[7.726s] -- Up-to-date: /mnt/d/Curtin_Colombo/year_3/sem_1/mxen3005/assignment/mxen_ws/install/dobot_interface/include/dobot_interface/dobot_interface/msg/rosidl_generator_c__visibility_control.h
[7.791s] -- Up-to-date: /mnt/d/Curtin_Colombo/year_3/sem_1/mxen3005/assignment/mxen_ws/install/dobot_interface/include/dobot_interface/dobot_interface/srv
[7.848s] -- Up-to-date: /mnt/d/Curtin_Colombo/year_3/sem_1/mxen3005/assignment/mxen_ws/install/dobot_interface/include/dobot_interface/dobot_interface/srv/detail
[7.904s] -- Up-to-date: /mnt/d/Curtin_Colombo/year_3/sem_1/mxen3005/assignment/mxen_ws/install/dobot_interface/include/dobot_interface/dobot_interface/srv/detail/pick_and_place__description.c
[7.951s] -- Up-to-date: /mnt/d/Curtin_Colombo/year_3/sem_1/mxen3005/assignment/mxen_ws/install/dobot_interface/include/dobot_interface/dobot_interface/srv/detail/pick_and_place__functions.c
[8.046s] -- Up-to-date: /mnt/d/Curtin_Colombo/year_3/sem_1/mxen3005/assignment/mxen_ws/install/dobot_interface/include/dobot_interface/dobot_interface/srv/detail/pick_and_place__functions.h
[8.122s] -- Up-to-date: /mnt/d/Curtin_Colombo/year_3/sem_1/mxen3005/assignment/mxen_ws/install/dobot_interface/include/dobot_interface/dobot_interface/srv/detail/pick_and_place__struct.h
[8.198s] -- Installing: /mnt/d/Curtin_Colombo/year_3/sem_1/mxen3005/assignment/mxen_ws/install/dobot_interface/include/dobot_interface/dobot_interface/srv/detail/pick_and_place__type_support.c
[8.417s] -- Up-to-date: /mnt/d/Curtin_Colombo/year_3/sem_1/mxen3005/assignment/mxen_ws/install/dobot_interface/include/dobot_interface/dobot_interface/srv/detail/pick_and_place__type_support.h
[8.455s] -- Up-to-date: /mnt/d/Curtin_Colombo/year_3/sem_1/mxen3005/assignment/mxen_ws/install/dobot_interface/include/dobot_interface/dobot_interface/srv/pick_and_place.h
[8.487s] -- Up-to-date: /mnt/d/Curtin_Colombo/year_3/sem_1/mxen3005/assignment/mxen_ws/install/dobot_interface/share/dobot_interface/environment/library_path.sh
[8.526s] -- Up-to-date: /mnt/d/Curtin_Colombo/year_3/sem_1/mxen3005/assignment/mxen_ws/install/dobot_interface/share/dobot_interface/environment/library_path.dsv
[8.632s] -- Up-to-date: /mnt/d/Curtin_Colombo/year_3/sem_1/mxen3005/assignment/mxen_ws/install/dobot_interface/lib/libdobot_interface__rosidl_generator_c.so
[8.708s] -- Up-to-date: /mnt/d/Curtin_Colombo/year_3/sem_1/mxen3005/assignment/mxen_ws/install/dobot_interface/include/dobot_interface/dobot_interface
[8.759s] -- Up-to-date: /mnt/d/Curtin_Colombo/year_3/sem_1/mxen3005/assignment/mxen_ws/install/dobot_interface/include/dobot_interface/dobot_interface/action
[8.849s] -- Up-to-date: /mnt/d/Curtin_Colombo/year_3/sem_1/mxen3005/assignment/mxen_ws/install/dobot_interface/include/dobot_interface/dobot_interface/action/detail
[8.961s] -- Up-to-date: /mnt/d/Curtin_Colombo/year_3/sem_1/mxen3005/assignment/mxen_ws/install/dobot_interface/include/dobot_interface/dobot_interface/action/detail/joint_ptp__rosidl_typesupport_fastrtps_c.h
[9.021s] -- Up-to-date: /mnt/d/Curtin_Colombo/year_3/sem_1/mxen3005/assignment/mxen_ws/install/dobot_interface/include/dobot_interface/dobot_interface/action/detail/pose_ptp__rosidl_typesupport_fastrtps_c.h
[9.061s] -- Up-to-date: /mnt/d/Curtin_Colombo/year_3/sem_1/mxen3005/assignment/mxen_ws/install/dobot_interface/include/dobot_interface/dobot_interface/msg
[9.156s] -- Up-to-date: /mnt/d/Curtin_Colombo/year_3/sem_1/mxen3005/assignment/mxen_ws/install/dobot_interface/include/dobot_interface/dobot_interface/msg/rosidl_typesupport_fastrtps_c__visibility_control.h
[9.200s] -- Up-to-date: /mnt/d/Curtin_Colombo/year_3/sem_1/mxen3005/assignment/mxen_ws/install/dobot_interface/include/dobot_interface/dobot_interface/srv
[9.301s] -- Up-to-date: /mnt/d/Curtin_Colombo/year_3/sem_1/mxen3005/assignment/mxen_ws/install/dobot_interface/include/dobot_interface/dobot_interface/srv/detail
[9.373s] -- Up-to-date: /mnt/d/Curtin_Colombo/year_3/sem_1/mxen3005/assignment/mxen_ws/install/dobot_interface/include/dobot_interface/dobot_interface/srv/detail/pick_and_place__rosidl_typesupport_fastrtps_c.h
[9.439s] -- Up-to-date: /mnt/d/Curtin_Colombo/year_3/sem_1/mxen3005/assignment/mxen_ws/install/dobot_interface/lib/libdobot_interface__rosidl_typesupport_fastrtps_c.so
[9.499s] -- Up-to-date: /mnt/d/Curtin_Colombo/year_3/sem_1/mxen3005/assignment/mxen_ws/install/dobot_interface/include/dobot_interface/dobot_interface
[9.541s] -- Up-to-date: /mnt/d/Curtin_Colombo/year_3/sem_1/mxen3005/assignment/mxen_ws/install/dobot_interface/include/dobot_interface/dobot_interface/action
[9.656s] -- Up-to-date: /mnt/d/Curtin_Colombo/year_3/sem_1/mxen3005/assignment/mxen_ws/install/dobot_interface/include/dobot_interface/dobot_interface/action/detail
[9.777s] -- Up-to-date: /mnt/d/Curtin_Colombo/year_3/sem_1/mxen3005/assignment/mxen_ws/install/dobot_interface/include/dobot_interface/dobot_interface/action/detail/joint_ptp__rosidl_typesupport_introspection_c.h
[9.858s] -- Installing: /mnt/d/Curtin_Colombo/year_3/sem_1/mxen3005/assignment/mxen_ws/install/dobot_interface/include/dobot_interface/dobot_interface/action/detail/joint_ptp__type_support.c
[10.118s] -- Up-to-date: /mnt/d/Curtin_Colombo/year_3/sem_1/mxen3005/assignment/mxen_ws/install/dobot_interface/include/dobot_interface/dobot_interface/action/detail/pose_ptp__rosidl_typesupport_introspection_c.h
[10.234s] -- Installing: /mnt/d/Curtin_Colombo/year_3/sem_1/mxen3005/assignment/mxen_ws/install/dobot_interface/include/dobot_interface/dobot_interface/action/detail/pose_ptp__type_support.c
[10.655s] -- Up-to-date: /mnt/d/Curtin_Colombo/year_3/sem_1/mxen3005/assignment/mxen_ws/install/dobot_interface/include/dobot_interface/dobot_interface/msg
[10.710s] -- Up-to-date: /mnt/d/Curtin_Colombo/year_3/sem_1/mxen3005/assignment/mxen_ws/install/dobot_interface/include/dobot_interface/dobot_interface/msg/rosidl_typesupport_introspection_c__visibility_control.h
[10.746s] -- Up-to-date: /mnt/d/Curtin_Colombo/year_3/sem_1/mxen3005/assignment/mxen_ws/install/dobot_interface/include/dobot_interface/dobot_interface/srv
[10.800s] -- Up-to-date: /mnt/d/Curtin_Colombo/year_3/sem_1/mxen3005/assignment/mxen_ws/install/dobot_interface/include/dobot_interface/dobot_interface/srv/detail
[10.904s] -- Up-to-date: /mnt/d/Curtin_Colombo/year_3/sem_1/mxen3005/assignment/mxen_ws/install/dobot_interface/include/dobot_interface/dobot_interface/srv/detail/pick_and_place__rosidl_typesupport_introspection_c.h
[11.004s] -- Installing: /mnt/d/Curtin_Colombo/year_3/sem_1/mxen3005/assignment/mxen_ws/install/dobot_interface/include/dobot_interface/dobot_interface/srv/detail/pick_and_place__type_support.c
[11.415s] -- Up-to-date: /mnt/d/Curtin_Colombo/year_3/sem_1/mxen3005/assignment/mxen_ws/install/dobot_interface/lib/libdobot_interface__rosidl_typesupport_introspection_c.so
[11.542s] -- Up-to-date: /mnt/d/Curtin_Colombo/year_3/sem_1/mxen3005/assignment/mxen_ws/install/dobot_interface/lib/libdobot_interface__rosidl_typesupport_c.so
[11.671s] -- Up-to-date: /mnt/d/Curtin_Colombo/year_3/sem_1/mxen3005/assignment/mxen_ws/install/dobot_interface/include/dobot_interface/dobot_interface
[11.774s] -- Up-to-date: /mnt/d/Curtin_Colombo/year_3/sem_1/mxen3005/assignment/mxen_ws/install/dobot_interface/include/dobot_interface/dobot_interface/action
[11.888s] -- Up-to-date: /mnt/d/Curtin_Colombo/year_3/sem_1/mxen3005/assignment/mxen_ws/install/dobot_interface/include/dobot_interface/dobot_interface/action/detail
[12.065s] -- Up-to-date: /mnt/d/Curtin_Colombo/year_3/sem_1/mxen3005/assignment/mxen_ws/install/dobot_interface/include/dobot_interface/dobot_interface/action/detail/joint_ptp__builder.hpp
[12.132s] -- Up-to-date: /mnt/d/Curtin_Colombo/year_3/sem_1/mxen3005/assignment/mxen_ws/install/dobot_interface/include/dobot_interface/dobot_interface/action/detail/joint_ptp__struct.hpp
[12.199s] -- Up-to-date: /mnt/d/Curtin_Colombo/year_3/sem_1/mxen3005/assignment/mxen_ws/install/dobot_interface/include/dobot_interface/dobot_interface/action/detail/joint_ptp__traits.hpp
[12.257s] -- Up-to-date: /mnt/d/Curtin_Colombo/year_3/sem_1/mxen3005/assignment/mxen_ws/install/dobot_interface/include/dobot_interface/dobot_interface/action/detail/joint_ptp__type_support.hpp
[12.321s] -- Up-to-date: /mnt/d/Curtin_Colombo/year_3/sem_1/mxen3005/assignment/mxen_ws/install/dobot_interface/include/dobot_interface/dobot_interface/action/detail/pose_ptp__builder.hpp
[12.377s] -- Up-to-date: /mnt/d/Curtin_Colombo/year_3/sem_1/mxen3005/assignment/mxen_ws/install/dobot_interface/include/dobot_interface/dobot_interface/action/detail/pose_ptp__struct.hpp
[12.424s] -- Up-to-date: /mnt/d/Curtin_Colombo/year_3/sem_1/mxen3005/assignment/mxen_ws/install/dobot_interface/include/dobot_interface/dobot_interface/action/detail/pose_ptp__traits.hpp
[12.473s] -- Up-to-date: /mnt/d/Curtin_Colombo/year_3/sem_1/mxen3005/assignment/mxen_ws/install/dobot_interface/include/dobot_interface/dobot_interface/action/detail/pose_ptp__type_support.hpp
[12.527s] -- Up-to-date: /mnt/d/Curtin_Colombo/year_3/sem_1/mxen3005/assignment/mxen_ws/install/dobot_interface/include/dobot_interface/dobot_interface/action/joint_ptp.hpp
[12.610s] -- Up-to-date: /mnt/d/Curtin_Colombo/year_3/sem_1/mxen3005/assignment/mxen_ws/install/dobot_interface/include/dobot_interface/dobot_interface/action/pose_ptp.hpp
[12.649s] -- Up-to-date: /mnt/d/Curtin_Colombo/year_3/sem_1/mxen3005/assignment/mxen_ws/install/dobot_interface/include/dobot_interface/dobot_interface/msg
[12.703s] -- Up-to-date: /mnt/d/Curtin_Colombo/year_3/sem_1/mxen3005/assignment/mxen_ws/install/dobot_interface/include/dobot_interface/dobot_interface/msg/rosidl_generator_cpp__visibility_control.hpp
[12.745s] -- Up-to-date: /mnt/d/Curtin_Colombo/year_3/sem_1/mxen3005/assignment/mxen_ws/install/dobot_interface/include/dobot_interface/dobot_interface/srv
[12.798s] -- Up-to-date: /mnt/d/Curtin_Colombo/year_3/sem_1/mxen3005/assignment/mxen_ws/install/dobot_interface/include/dobot_interface/dobot_interface/srv/detail
[12.868s] -- Up-to-date: /mnt/d/Curtin_Colombo/year_3/sem_1/mxen3005/assignment/mxen_ws/install/dobot_interface/include/dobot_interface/dobot_interface/srv/detail/pick_and_place__builder.hpp
[12.919s] -- Up-to-date: /mnt/d/Curtin_Colombo/year_3/sem_1/mxen3005/assignment/mxen_ws/install/dobot_interface/include/dobot_interface/dobot_interface/srv/detail/pick_and_place__struct.hpp
[12.971s] -- Up-to-date: /mnt/d/Curtin_Colombo/year_3/sem_1/mxen3005/assignment/mxen_ws/install/dobot_interface/include/dobot_interface/dobot_interface/srv/detail/pick_and_place__traits.hpp
[13.079s] -- Up-to-date: /mnt/d/Curtin_Colombo/year_3/sem_1/mxen3005/assignment/mxen_ws/install/dobot_interface/include/dobot_interface/dobot_interface/srv/detail/pick_and_place__type_support.hpp
[13.172s] -- Up-to-date: /mnt/d/Curtin_Colombo/year_3/sem_1/mxen3005/assignment/mxen_ws/install/dobot_interface/include/dobot_interface/dobot_interface/srv/pick_and_place.hpp
[13.251s] -- Up-to-date: /mnt/d/Curtin_Colombo/year_3/sem_1/mxen3005/assignment/mxen_ws/install/dobot_interface/include/dobot_interface/dobot_interface
[13.310s] -- Up-to-date: /mnt/d/Curtin_Colombo/year_3/sem_1/mxen3005/assignment/mxen_ws/install/dobot_interface/include/dobot_interface/dobot_interface/action
[13.368s] -- Up-to-date: /mnt/d/Curtin_Colombo/year_3/sem_1/mxen3005/assignment/mxen_ws/install/dobot_interface/include/dobot_interface/dobot_interface/action/detail
[13.453s] -- Up-to-date: /mnt/d/Curtin_Colombo/year_3/sem_1/mxen3005/assignment/mxen_ws/install/dobot_interface/include/dobot_interface/dobot_interface/action/detail/dds_fastrtps
[13.538s] -- Up-to-date: /mnt/d/Curtin_Colombo/year_3/sem_1/mxen3005/assignment/mxen_ws/install/dobot_interface/include/dobot_interface/dobot_interface/action/detail/joint_ptp__rosidl_typesupport_fastrtps_cpp.hpp
[13.635s] -- Up-to-date: /mnt/d/Curtin_Colombo/year_3/sem_1/mxen3005/assignment/mxen_ws/install/dobot_interface/include/dobot_interface/dobot_interface/action/detail/pose_ptp__rosidl_typesupport_fastrtps_cpp.hpp
[13.708s] -- Up-to-date: /mnt/d/Curtin_Colombo/year_3/sem_1/mxen3005/assignment/mxen_ws/install/dobot_interface/include/dobot_interface/dobot_interface/msg
[13.775s] -- Up-to-date: /mnt/d/Curtin_Colombo/year_3/sem_1/mxen3005/assignment/mxen_ws/install/dobot_interface/include/dobot_interface/dobot_interface/msg/rosidl_typesupport_fastrtps_cpp__visibility_control.h
[13.810s] -- Up-to-date: /mnt/d/Curtin_Colombo/year_3/sem_1/mxen3005/assignment/mxen_ws/install/dobot_interface/include/dobot_interface/dobot_interface/srv
[13.931s] -- Up-to-date: /mnt/d/Curtin_Colombo/year_3/sem_1/mxen3005/assignment/mxen_ws/install/dobot_interface/include/dobot_interface/dobot_interface/srv/detail
[14.029s] -- Up-to-date: /mnt/d/Curtin_Colombo/year_3/sem_1/mxen3005/assignment/mxen_ws/install/dobot_interface/include/dobot_interface/dobot_interface/srv/detail/dds_fastrtps
[14.131s] -- Up-to-date: /mnt/d/Curtin_Colombo/year_3/sem_1/mxen3005/assignment/mxen_ws/install/dobot_interface/include/dobot_interface/dobot_interface/srv/detail/pick_and_place__rosidl_typesupport_fastrtps_cpp.hpp
[14.305s] -- Up-to-date: /mnt/d/Curtin_Colombo/year_3/sem_1/mxen3005/assignment/mxen_ws/install/dobot_interface/lib/libdobot_interface__rosidl_typesupport_fastrtps_cpp.so
[14.411s] -- Up-to-date: /mnt/d/Curtin_Colombo/year_3/sem_1/mxen3005/assignment/mxen_ws/install/dobot_interface/include/dobot_interface/dobot_interface
[14.494s] -- Up-to-date: /mnt/d/Curtin_Colombo/year_3/sem_1/mxen3005/assignment/mxen_ws/install/dobot_interface/include/dobot_interface/dobot_interface/action
[14.568s] -- Up-to-date: /mnt/d/Curtin_Colombo/year_3/sem_1/mxen3005/assignment/mxen_ws/install/dobot_interface/include/dobot_interface/dobot_interface/action/detail
[14.665s] -- Up-to-date: /mnt/d/Curtin_Colombo/year_3/sem_1/mxen3005/assignment/mxen_ws/install/dobot_interface/include/dobot_interface/dobot_interface/action/detail/joint_ptp__rosidl_typesupport_introspection_cpp.hpp
[14.718s] -- Up-to-date: /mnt/d/Curtin_Colombo/year_3/sem_1/mxen3005/assignment/mxen_ws/install/dobot_interface/include/dobot_interface/dobot_interface/action/detail/joint_ptp__type_support.cpp
[14.780s] -- Up-to-date: /mnt/d/Curtin_Colombo/year_3/sem_1/mxen3005/assignment/mxen_ws/install/dobot_interface/include/dobot_interface/dobot_interface/action/detail/pose_ptp__rosidl_typesupport_introspection_cpp.hpp
[14.836s] -- Up-to-date: /mnt/d/Curtin_Colombo/year_3/sem_1/mxen3005/assignment/mxen_ws/install/dobot_interface/include/dobot_interface/dobot_interface/action/detail/pose_ptp__type_support.cpp
[14.880s] -- Up-to-date: /mnt/d/Curtin_Colombo/year_3/sem_1/mxen3005/assignment/mxen_ws/install/dobot_interface/include/dobot_interface/dobot_interface/srv
[14.938s] -- Up-to-date: /mnt/d/Curtin_Colombo/year_3/sem_1/mxen3005/assignment/mxen_ws/install/dobot_interface/include/dobot_interface/dobot_interface/srv/detail
[15.055s] -- Up-to-date: /mnt/d/Curtin_Colombo/year_3/sem_1/mxen3005/assignment/mxen_ws/install/dobot_interface/include/dobot_interface/dobot_interface/srv/detail/pick_and_place__rosidl_typesupport_introspection_cpp.hpp
[15.114s] -- Up-to-date: /mnt/d/Curtin_Colombo/year_3/sem_1/mxen3005/assignment/mxen_ws/install/dobot_interface/include/dobot_interface/dobot_interface/srv/detail/pick_and_place__type_support.cpp
[15.204s] -- Up-to-date: /mnt/d/Curtin_Colombo/year_3/sem_1/mxen3005/assignment/mxen_ws/install/dobot_interface/lib/libdobot_interface__rosidl_typesupport_introspection_cpp.so
[15.358s] -- Up-to-date: /mnt/d/Curtin_Colombo/year_3/sem_1/mxen3005/assignment/mxen_ws/install/dobot_interface/lib/libdobot_interface__rosidl_typesupport_cpp.so
[15.443s] -- Up-to-date: /mnt/d/Curtin_Colombo/year_3/sem_1/mxen3005/assignment/mxen_ws/install/dobot_interface/share/dobot_interface/environment/pythonpath.sh
[15.504s] -- Up-to-date: /mnt/d/Curtin_Colombo/year_3/sem_1/mxen3005/assignment/mxen_ws/install/dobot_interface/share/dobot_interface/environment/pythonpath.dsv
[15.552s] -- Up-to-date: /mnt/d/Curtin_Colombo/year_3/sem_1/mxen3005/assignment/mxen_ws/install/dobot_interface/lib/python3.12/site-packages/dobot_interface-0.0.0-py3.12.egg-info
[15.640s] -- Installing: /mnt/d/Curtin_Colombo/year_3/sem_1/mxen3005/assignment/mxen_ws/install/dobot_interface/lib/python3.12/site-packages/dobot_interface-0.0.0-py3.12.egg-info/dependency_links.txt
[16.223s] -- Installing: /mnt/d/Curtin_Colombo/year_3/sem_1/mxen3005/assignment/mxen_ws/install/dobot_interface/lib/python3.12/site-packages/dobot_interface-0.0.0-py3.12.egg-info/PKG-INFO
[16.616s] -- Installing: /mnt/d/Curtin_Colombo/year_3/sem_1/mxen3005/assignment/mxen_ws/install/dobot_interface/lib/python3.12/site-packages/dobot_interface-0.0.0-py3.12.egg-info/SOURCES.txt
[16.921s] -- Installing: /mnt/d/Curtin_Colombo/year_3/sem_1/mxen3005/assignment/mxen_ws/install/dobot_interface/lib/python3.12/site-packages/dobot_interface-0.0.0-py3.12.egg-info/top_level.txt
[17.136s] -- Up-to-date: /mnt/d/Curtin_Colombo/year_3/sem_1/mxen3005/assignment/mxen_ws/install/dobot_interface/lib/python3.12/site-packages/dobot_interface
[17.449s] -- Up-to-date: /mnt/d/Curtin_Colombo/year_3/sem_1/mxen3005/assignment/mxen_ws/install/dobot_interface/lib/python3.12/site-packages/dobot_interface/action
[17.744s] -- Up-to-date: /mnt/d/Curtin_Colombo/year_3/sem_1/mxen3005/assignment/mxen_ws/install/dobot_interface/lib/python3.12/site-packages/dobot_interface/action/_joint_ptp.py
[17.973s] -- Up-to-date: /mnt/d/Curtin_Colombo/year_3/sem_1/mxen3005/assignment/mxen_ws/install/dobot_interface/lib/python3.12/site-packages/dobot_interface/action/_joint_ptp_s.c
[18.133s] -- Up-to-date: /mnt/d/Curtin_Colombo/year_3/sem_1/mxen3005/assignment/mxen_ws/install/dobot_interface/lib/python3.12/site-packages/dobot_interface/action/_pose_ptp.py
[18.220s] -- Up-to-date: /mnt/d/Curtin_Colombo/year_3/sem_1/mxen3005/assignment/mxen_ws/install/dobot_interface/lib/python3.12/site-packages/dobot_interface/action/_pose_ptp_s.c
[18.381s] -- Up-to-date: /mnt/d/Curtin_Colombo/year_3/sem_1/mxen3005/assignment/mxen_ws/install/dobot_interface/lib/python3.12/site-packages/dobot_interface/action/__init__.py
[18.434s] -- Up-to-date: /mnt/d/Curtin_Colombo/year_3/sem_1/mxen3005/assignment/mxen_ws/install/dobot_interface/lib/python3.12/site-packages/dobot_interface/dobot_interface_s__rosidl_typesupport_c.so
[18.476s] -- Up-to-date: /mnt/d/Curtin_Colombo/year_3/sem_1/mxen3005/assignment/mxen_ws/install/dobot_interface/lib/python3.12/site-packages/dobot_interface/dobot_interface_s__rosidl_typesupport_fastrtps_c.so
[18.554s] -- Up-to-date: /mnt/d/Curtin_Colombo/year_3/sem_1/mxen3005/assignment/mxen_ws/install/dobot_interface/lib/python3.12/site-packages/dobot_interface/dobot_interface_s__rosidl_typesupport_introspection_c.so
[18.610s] -- Up-to-date: /mnt/d/Curtin_Colombo/year_3/sem_1/mxen3005/assignment/mxen_ws/install/dobot_interface/lib/python3.12/site-packages/dobot_interface/srv
[18.744s] -- Up-to-date: /mnt/d/Curtin_Colombo/year_3/sem_1/mxen3005/assignment/mxen_ws/install/dobot_interface/lib/python3.12/site-packages/dobot_interface/srv/_pick_and_place.py
[18.812s] -- Up-to-date: /mnt/d/Curtin_Colombo/year_3/sem_1/mxen3005/assignment/mxen_ws/install/dobot_interface/lib/python3.12/site-packages/dobot_interface/srv/_pick_and_place_s.c
[18.895s] -- Up-to-date: /mnt/d/Curtin_Colombo/year_3/sem_1/mxen3005/assignment/mxen_ws/install/dobot_interface/lib/python3.12/site-packages/dobot_interface/srv/__init__.py
[18.971s] -- Up-to-date: /mnt/d/Curtin_Colombo/year_3/sem_1/mxen3005/assignment/mxen_ws/install/dobot_interface/lib/python3.12/site-packages/dobot_interface/_dobot_interface_s.ep.rosidl_typesupport_c.c
[19.076s] -- Up-to-date: /mnt/d/Curtin_Colombo/year_3/sem_1/mxen3005/assignment/mxen_ws/install/dobot_interface/lib/python3.12/site-packages/dobot_interface/_dobot_interface_s.ep.rosidl_typesupport_fastrtps_c.c
[19.147s] -- Up-to-date: /mnt/d/Curtin_Colombo/year_3/sem_1/mxen3005/assignment/mxen_ws/install/dobot_interface/lib/python3.12/site-packages/dobot_interface/_dobot_interface_s.ep.rosidl_typesupport_introspection_c.c
[19.202s] -- Up-to-date: /mnt/d/Curtin_Colombo/year_3/sem_1/mxen3005/assignment/mxen_ws/install/dobot_interface/lib/python3.12/site-packages/dobot_interface/__init__.py
[19.907s] Listing '/mnt/d/Curtin_Colombo/year_3/sem_1/mxen3005/assignment/mxen_ws/install/dobot_interface/lib/python3.12/site-packages/dobot_interface'...
[19.908s] Listing '/mnt/d/Curtin_Colombo/year_3/sem_1/mxen3005/assignment/mxen_ws/install/dobot_interface/lib/python3.12/site-packages/dobot_interface/action'...
[19.910s] Listing '/mnt/d/Curtin_Colombo/year_3/sem_1/mxen3005/assignment/mxen_ws/install/dobot_interface/lib/python3.12/site-packages/dobot_interface/srv'...
[20.099s] -- Up-to-date: /mnt/d/Curtin_Colombo/year_3/sem_1/mxen3005/assignment/mxen_ws/install/dobot_interface/lib/python3.12/site-packages/dobot_interface/dobot_interface_s__rosidl_typesupport_fastrtps_c.so
[20.296s] -- Up-to-date: /mnt/d/Curtin_Colombo/year_3/sem_1/mxen3005/assignment/mxen_ws/install/dobot_interface/lib/python3.12/site-packages/dobot_interface/dobot_interface_s__rosidl_typesupport_introspection_c.so
[20.607s] -- Up-to-date: /mnt/d/Curtin_Colombo/year_3/sem_1/mxen3005/assignment/mxen_ws/install/dobot_interface/lib/python3.12/site-packages/dobot_interface/dobot_interface_s__rosidl_typesupport_c.so
[20.786s] -- Up-to-date: /mnt/d/Curtin_Colombo/year_3/sem_1/mxen3005/assignment/mxen_ws/install/dobot_interface/lib/libdobot_interface__rosidl_generator_py.so
[20.979s] -- Up-to-date: /mnt/d/Curtin_Colombo/year_3/sem_1/mxen3005/assignment/mxen_ws/install/dobot_interface/share/ament_index/resource_index/rust_packages/dobot_interface
[21.080s] -- Up-to-date: /mnt/d/Curtin_Colombo/year_3/sem_1/mxen3005/assignment/mxen_ws/install/dobot_interface/share/dobot_interface/rust
[21.280s] -- Up-to-date: /mnt/d/Curtin_Colombo/year_3/sem_1/mxen3005/assignment/mxen_ws/install/dobot_interface/share/dobot_interface/rust/build.rs
[21.334s] -- Up-to-date: /mnt/d/Curtin_Colombo/year_3/sem_1/mxen3005/assignment/mxen_ws/install/dobot_interface/share/dobot_interface/rust/Cargo.toml
[21.377s] -- Up-to-date: /mnt/d/Curtin_Colombo/year_3/sem_1/mxen3005/assignment/mxen_ws/install/dobot_interface/share/dobot_interface/rust/src
[21.464s] -- Up-to-date: /mnt/d/Curtin_Colombo/year_3/sem_1/mxen3005/assignment/mxen_ws/install/dobot_interface/share/dobot_interface/rust/src/action
[21.652s] -- Up-to-date: /mnt/d/Curtin_Colombo/year_3/sem_1/mxen3005/assignment/mxen_ws/install/dobot_interface/share/dobot_interface/rust/src/action/rmw.rs
[21.768s] -- Up-to-date: /mnt/d/Curtin_Colombo/year_3/sem_1/mxen3005/assignment/mxen_ws/install/dobot_interface/share/dobot_interface/rust/src/action.rs
[21.869s] -- Up-to-date: /mnt/d/Curtin_Colombo/year_3/sem_1/mxen3005/assignment/mxen_ws/install/dobot_interface/share/dobot_interface/rust/src/lib.rs
[21.956s] -- Up-to-date: /mnt/d/Curtin_Colombo/year_3/sem_1/mxen3005/assignment/mxen_ws/install/dobot_interface/share/dobot_interface/rust/src/srv
[22.053s] -- Up-to-date: /mnt/d/Curtin_Colombo/year_3/sem_1/mxen3005/assignment/mxen_ws/install/dobot_interface/share/dobot_interface/rust/src/srv/rmw.rs
[22.114s] -- Up-to-date: /mnt/d/Curtin_Colombo/year_3/sem_1/mxen3005/assignment/mxen_ws/install/dobot_interface/share/dobot_interface/rust/src/srv.rs
[22.167s] -- Up-to-date: /mnt/d/Curtin_Colombo/year_3/sem_1/mxen3005/assignment/mxen_ws/install/dobot_interface/share/dobot_interface/action/JointPTP.idl
[22.239s] -- Up-to-date: /mnt/d/Curtin_Colombo/year_3/sem_1/mxen3005/assignment/mxen_ws/install/dobot_interface/share/dobot_interface/action/PosePTP.idl
[22.373s] -- Up-to-date: /mnt/d/Curtin_Colombo/year_3/sem_1/mxen3005/assignment/mxen_ws/install/dobot_interface/share/dobot_interface/srv/PickAndPlace.idl
[22.584s] -- Up-to-date: /mnt/d/Curtin_Colombo/year_3/sem_1/mxen3005/assignment/mxen_ws/install/dobot_interface/share/dobot_interface/action/JointPTP.action
[22.910s] -- Up-to-date: /mnt/d/Curtin_Colombo/year_3/sem_1/mxen3005/assignment/mxen_ws/install/dobot_interface/share/dobot_interface/action/PosePTP.action
[23.228s] -- Up-to-date: /mnt/d/Curtin_Colombo/year_3/sem_1/mxen3005/assignment/mxen_ws/install/dobot_interface/share/dobot_interface/srv/PickAndPlace.srv
[23.552s] -- Up-to-date: /mnt/d/Curtin_Colombo/year_3/sem_1/mxen3005/assignment/mxen_ws/install/dobot_interface/share/ament_index/resource_index/package_run_dependencies/dobot_interface
[23.887s] -- Up-to-date: /mnt/d/Curtin_Colombo/year_3/sem_1/mxen3005/assignment/mxen_ws/install/dobot_interface/share/ament_index/resource_index/parent_prefix_path/dobot_interface
[24.134s] -- Up-to-date: /mnt/d/Curtin_Colombo/year_3/sem_1/mxen3005/assignment/mxen_ws/install/dobot_interface/share/dobot_interface/environment/ament_prefix_path.sh
[24.346s] -- Up-to-date: /mnt/d/Curtin_Colombo/year_3/sem_1/mxen3005/assignment/mxen_ws/install/dobot_interface/share/dobot_interface/environment/ament_prefix_path.dsv
[24.614s] -- Up-to-date: /mnt/d/Curtin_Colombo/year_3/sem_1/mxen3005/assignment/mxen_ws/install/dobot_interface/share/dobot_interface/environment/path.sh
[24.779s] -- Up-to-date: /mnt/d/Curtin_Colombo/year_3/sem_1/mxen3005/assignment/mxen_ws/install/dobot_interface/share/dobot_interface/environment/path.dsv
[24.986s] -- Up-to-date: /mnt/d/Curtin_Colombo/year_3/sem_1/mxen3005/assignment/mxen_ws/install/dobot_interface/share/dobot_interface/local_setup.bash
[25.248s] -- Up-to-date: /mnt/d/Curtin_Colombo/year_3/sem_1/mxen3005/assignment/mxen_ws/install/dobot_interface/share/dobot_interface/local_setup.sh
[25.364s] -- Up-to-date: /mnt/d/Curtin_Colombo/year_3/sem_1/mxen3005/assignment/mxen_ws/install/dobot_interface/share/dobot_interface/local_setup.zsh
[25.432s] -- Up-to-date: /mnt/d/Curtin_Colombo/year_3/sem_1/mxen3005/assignment/mxen_ws/install/dobot_interface/share/dobot_interface/local_setup.dsv
[25.586s] -- Installing: /mnt/d/Curtin_Colombo/year_3/sem_1/mxen3005/assignment/mxen_ws/install/dobot_interface/share/dobot_interface/package.dsv
[25.861s] -- Up-to-date: /mnt/d/Curtin_Colombo/year_3/sem_1/mxen3005/assignment/mxen_ws/install/dobot_interface/share/ament_index/resource_index/packages/dobot_interface
[26.376s] -- Up-to-date: /mnt/d/Curtin_Colombo/year_3/sem_1/mxen3005/assignment/mxen_ws/install/dobot_interface/share/dobot_interface/cmake/export_dobot_interface__rosidl_generator_cExport.cmake
[26.471s] -- Up-to-date: /mnt/d/Curtin_Colombo/year_3/sem_1/mxen3005/assignment/mxen_ws/install/dobot_interface/share/dobot_interface/cmake/export_dobot_interface__rosidl_generator_cExport-noconfig.cmake
[26.858s] -- Up-to-date: /mnt/d/Curtin_Colombo/year_3/sem_1/mxen3005/assignment/mxen_ws/install/dobot_interface/share/dobot_interface/cmake/export_dobot_interface__rosidl_typesupport_fastrtps_cExport.cmake
[27.156s] -- Up-to-date: /mnt/d/Curtin_Colombo/year_3/sem_1/mxen3005/assignment/mxen_ws/install/dobot_interface/share/dobot_interface/cmake/export_dobot_interface__rosidl_typesupport_fastrtps_cExport-noconfig.cmake
[27.345s] -- Up-to-date: /mnt/d/Curtin_Colombo/year_3/sem_1/mxen3005/assignment/mxen_ws/install/dobot_interface/share/dobot_interface/cmake/dobot_interface__rosidl_typesupport_introspection_cExport.cmake
[27.473s] -- Up-to-date: /mnt/d/Curtin_Colombo/year_3/sem_1/mxen3005/assignment/mxen_ws/install/dobot_interface/share/dobot_interface/cmake/dobot_interface__rosidl_typesupport_introspection_cExport-noconfig.cmake
[27.736s] -- Up-to-date: /mnt/d/Curtin_Colombo/year_3/sem_1/mxen3005/assignment/mxen_ws/install/dobot_interface/share/dobot_interface/cmake/dobot_interface__rosidl_typesupport_cExport.cmake
[27.824s] -- Up-to-date: /mnt/d/Curtin_Colombo/year_3/sem_1/mxen3005/assignment/mxen_ws/install/dobot_interface/share/dobot_interface/cmake/dobot_interface__rosidl_typesupport_cExport-noconfig.cmake
[28.314s] -- Up-to-date: /mnt/d/Curtin_Colombo/year_3/sem_1/mxen3005/assignment/mxen_ws/install/dobot_interface/share/dobot_interface/cmake/export_dobot_interface__rosidl_generator_cppExport.cmake
[28.549s] -- Up-to-date: /mnt/d/Curtin_Colombo/year_3/sem_1/mxen3005/assignment/mxen_ws/install/dobot_interface/share/dobot_interface/cmake/export_dobot_interface__rosidl_typesupport_fastrtps_cppExport.cmake
[28.627s] -- Up-to-date: /mnt/d/Curtin_Colombo/year_3/sem_1/mxen3005/assignment/mxen_ws/install/dobot_interface/share/dobot_interface/cmake/export_dobot_interface__rosidl_typesupport_fastrtps_cppExport-noconfig.cmake
[28.751s] -- Up-to-date: /mnt/d/Curtin_Colombo/year_3/sem_1/mxen3005/assignment/mxen_ws/install/dobot_interface/share/dobot_interface/cmake/dobot_interface__rosidl_typesupport_introspection_cppExport.cmake
[28.813s] -- Up-to-date: /mnt/d/Curtin_Colombo/year_3/sem_1/mxen3005/assignment/mxen_ws/install/dobot_interface/share/dobot_interface/cmake/dobot_interface__rosidl_typesupport_introspection_cppExport-noconfig.cmake
[28.936s] -- Up-to-date: /mnt/d/Curtin_Colombo/year_3/sem_1/mxen3005/assignment/mxen_ws/install/dobot_interface/share/dobot_interface/cmake/dobot_interface__rosidl_typesupport_cppExport.cmake
[29.015s] -- Up-to-date: /mnt/d/Curtin_Colombo/year_3/sem_1/mxen3005/assignment/mxen_ws/install/dobot_interface/share/dobot_interface/cmake/dobot_interface__rosidl_typesupport_cppExport-noconfig.cmake
[29.139s] -- Up-to-date: /mnt/d/Curtin_Colombo/year_3/sem_1/mxen3005/assignment/mxen_ws/install/dobot_interface/share/dobot_interface/cmake/export_dobot_interface__rosidl_generator_pyExport.cmake
[29.209s] -- Up-to-date: /mnt/d/Curtin_Colombo/year_3/sem_1/mxen3005/assignment/mxen_ws/install/dobot_interface/share/dobot_interface/cmake/export_dobot_interface__rosidl_generator_pyExport-noconfig.cmake
[29.292s] -- Up-to-date: /mnt/d/Curtin_Colombo/year_3/sem_1/mxen3005/assignment/mxen_ws/install/dobot_interface/share/dobot_interface/cmake/rosidl_cmake-extras.cmake
[29.354s] -- Up-to-date: /mnt/d/Curtin_Colombo/year_3/sem_1/mxen3005/assignment/mxen_ws/install/dobot_interface/share/dobot_interface/cmake/ament_cmake_export_dependencies-extras.cmake
[29.392s] -- Up-to-date: /mnt/d/Curtin_Colombo/year_3/sem_1/mxen3005/assignment/mxen_ws/install/dobot_interface/share/dobot_interface/cmake/ament_cmake_export_include_directories-extras.cmake
[29.430s] -- Up-to-date: /mnt/d/Curtin_Colombo/year_3/sem_1/mxen3005/assignment/mxen_ws/install/dobot_interface/share/dobot_interface/cmake/ament_cmake_export_libraries-extras.cmake
[29.515s] -- Up-to-date: /mnt/d/Curtin_Colombo/year_3/sem_1/mxen3005/assignment/mxen_ws/install/dobot_interface/share/dobot_interface/cmake/ament_cmake_export_targets-extras.cmake
[29.583s] -- Up-to-date: /mnt/d/Curtin_Colombo/year_3/sem_1/mxen3005/assignment/mxen_ws/install/dobot_interface/share/dobot_interface/cmake/rosidl_cmake_export_typesupport_targets-extras.cmake
[29.696s] -- Up-to-date: /mnt/d/Curtin_Colombo/year_3/sem_1/mxen3005/assignment/mxen_ws/install/dobot_interface/share/dobot_interface/cmake/rosidl_cmake_export_typesupport_libraries-extras.cmake
[29.791s] -- Up-to-date: /mnt/d/Curtin_Colombo/year_3/sem_1/mxen3005/assignment/mxen_ws/install/dobot_interface/share/dobot_interface/cmake/dobot_interfaceConfig.cmake
[29.865s] -- Up-to-date: /mnt/d/Curtin_Colombo/year_3/sem_1/mxen3005/assignment/mxen_ws/install/dobot_interface/share/dobot_interface/cmake/dobot_interfaceConfig-version.cmake
[30.102s] -- Up-to-date: /mnt/d/Curtin_Colombo/year_3/sem_1/mxen3005/assignment/mxen_ws/install/dobot_interface/share/dobot_interface/package.xml
[30.149s] Invoked command in '/mnt/d/Curtin_Colombo/year_3/sem_1/mxen3005/assignment/mxen_ws/build/dobot_interface' returned '0': CMAKE_PREFIX_PATH=${CMAKE_PREFIX_PATH}:/opt/ros/kilted /usr/bin/cmake --install /mnt/d/Curtin_Colombo/year_3/sem_1/mxen3005/assignment/mxen_ws/build/dobot_interface
