running egg_info
creating ../../build/dobot/dobot.egg-info
writing ../../build/dobot/dobot.egg-info/PKG-INFO
writing dependency_links to ../../build/dobot/dobot.egg-info/dependency_links.txt
writing entry points to ../../build/dobot/dobot.egg-info/entry_points.txt
writing requirements to ../../build/dobot/dobot.egg-info/requires.txt
writing top-level names to ../../build/dobot/dobot.egg-info/top_level.txt
writing manifest file '../../build/dobot/dobot.egg-info/SOURCES.txt'
reading manifest file '../../build/dobot/dobot.egg-info/SOURCES.txt'
adding license file 'LICENSE'
writing manifest file '../../build/dobot/dobot.egg-info/SOURCES.txt'
running build
running build_py
creating /mnt/d/Curtin_Colombo/year_3/sem_1/mxen3005/assignment/mxen_ws/build/dobot/build
creating /mnt/d/Curtin_Colombo/year_3/sem_1/mxen3005/assignment/mxen_ws/build/dobot/build/lib
creating /mnt/d/Curtin_Colombo/year_3/sem_1/mxen3005/assignment/mxen_ws/build/dobot/build/lib/dobot
copying dobot/cartesian_ptp_node.py -> /mnt/d/Curtin_Colombo/year_3/sem_1/mxen3005/assignment/mxen_ws/build/dobot/build/lib/dobot
copying dobot/dobot_client.py -> /mnt/d/Curtin_Colombo/year_3/sem_1/mxen3005/assignment/mxen_ws/build/dobot/build/lib/dobot
copying dobot/dobot_kinematics.py -> /mnt/d/Curtin_Colombo/year_3/sem_1/mxen3005/assignment/mxen_ws/build/dobot/build/lib/dobot
copying dobot/homing_node.py -> /mnt/d/Curtin_Colombo/year_3/sem_1/mxen3005/assignment/mxen_ws/build/dobot/build/lib/dobot
copying dobot/joint_ptp_node.py -> /mnt/d/Curtin_Colombo/year_3/sem_1/mxen3005/assignment/mxen_ws/build/dobot/build/lib/dobot
copying dobot/joint_state_node.py -> /mnt/d/Curtin_Colombo/year_3/sem_1/mxen3005/assignment/mxen_ws/build/dobot/build/lib/dobot
copying dobot/pick_and_place_node.py -> /mnt/d/Curtin_Colombo/year_3/sem_1/mxen3005/assignment/mxen_ws/build/dobot/build/lib/dobot
copying dobot/suction_cup_node.py -> /mnt/d/Curtin_Colombo/year_3/sem_1/mxen3005/assignment/mxen_ws/build/dobot/build/lib/dobot
copying dobot/__init__.py -> /mnt/d/Curtin_Colombo/year_3/sem_1/mxen3005/assignment/mxen_ws/build/dobot/build/lib/dobot
copying dobot/py.typed -> /mnt/d/Curtin_Colombo/year_3/sem_1/mxen3005/assignment/mxen_ws/build/dobot/build/lib/dobot
running install
running install_lib
creating /mnt/d/Curtin_Colombo/year_3/sem_1/mxen3005/assignment/mxen_ws/install/dobot/lib/python3.12/site-packages/dobot
copying /mnt/d/Curtin_Colombo/year_3/sem_1/mxen3005/assignment/mxen_ws/build/dobot/build/lib/dobot/cartesian_ptp_node.py -> /mnt/d/Curtin_Colombo/year_3/sem_1/mxen3005/assignment/mxen_ws/install/dobot/lib/python3.12/site-packages/dobot
copying /mnt/d/Curtin_Colombo/year_3/sem_1/mxen3005/assignment/mxen_ws/build/dobot/build/lib/dobot/dobot_client.py -> /mnt/d/Curtin_Colombo/year_3/sem_1/mxen3005/assignment/mxen_ws/install/dobot/lib/python3.12/site-packages/dobot
copying /mnt/d/Curtin_Colombo/year_3/sem_1/mxen3005/assignment/mxen_ws/build/dobot/build/lib/dobot/dobot_kinematics.py -> /mnt/d/Curtin_Colombo/year_3/sem_1/mxen3005/assignment/mxen_ws/install/dobot/lib/python3.12/site-packages/dobot
copying /mnt/d/Curtin_Colombo/year_3/sem_1/mxen3005/assignment/mxen_ws/build/dobot/build/lib/dobot/homing_node.py -> /mnt/d/Curtin_Colombo/year_3/sem_1/mxen3005/assignment/mxen_ws/install/dobot/lib/python3.12/site-packages/dobot
copying /mnt/d/Curtin_Colombo/year_3/sem_1/mxen3005/assignment/mxen_ws/build/dobot/build/lib/dobot/joint_ptp_node.py -> /mnt/d/Curtin_Colombo/year_3/sem_1/mxen3005/assignment/mxen_ws/install/dobot/lib/python3.12/site-packages/dobot
copying /mnt/d/Curtin_Colombo/year_3/sem_1/mxen3005/assignment/mxen_ws/build/dobot/build/lib/dobot/joint_state_node.py -> /mnt/d/Curtin_Colombo/year_3/sem_1/mxen3005/assignment/mxen_ws/install/dobot/lib/python3.12/site-packages/dobot
copying /mnt/d/Curtin_Colombo/year_3/sem_1/mxen3005/assignment/mxen_ws/build/dobot/build/lib/dobot/pick_and_place_node.py -> /mnt/d/Curtin_Colombo/year_3/sem_1/mxen3005/assignment/mxen_ws/install/dobot/lib/python3.12/site-packages/dobot
copying /mnt/d/Curtin_Colombo/year_3/sem_1/mxen3005/assignment/mxen_ws/build/dobot/build/lib/dobot/py.typed -> /mnt/d/Curtin_Colombo/year_3/sem_1/mxen3005/assignment/mxen_ws/install/dobot/lib/python3.12/site-packages/dobot
copying /mnt/d/Curtin_Colombo/year_3/sem_1/mxen3005/assignment/mxen_ws/build/dobot/build/lib/dobot/suction_cup_node.py -> /mnt/d/Curtin_Colombo/year_3/sem_1/mxen3005/assignment/mxen_ws/install/dobot/lib/python3.12/site-packages/dobot
copying /mnt/d/Curtin_Colombo/year_3/sem_1/mxen3005/assignment/mxen_ws/build/dobot/build/lib/dobot/__init__.py -> /mnt/d/Curtin_Colombo/year_3/sem_1/mxen3005/assignment/mxen_ws/install/dobot/lib/python3.12/site-packages/dobot
byte-compiling /mnt/d/Curtin_Colombo/year_3/sem_1/mxen3005/assignment/mxen_ws/install/dobot/lib/python3.12/site-packages/dobot/cartesian_ptp_node.py to cartesian_ptp_node.cpython-312.pyc
byte-compiling /mnt/d/Curtin_Colombo/year_3/sem_1/mxen3005/assignment/mxen_ws/install/dobot/lib/python3.12/site-packages/dobot/dobot_client.py to dobot_client.cpython-312.pyc
byte-compiling /mnt/d/Curtin_Colombo/year_3/sem_1/mxen3005/assignment/mxen_ws/install/dobot/lib/python3.12/site-packages/dobot/dobot_kinematics.py to dobot_kinematics.cpython-312.pyc
byte-compiling /mnt/d/Curtin_Colombo/year_3/sem_1/mxen3005/assignment/mxen_ws/install/dobot/lib/python3.12/site-packages/dobot/homing_node.py to homing_node.cpython-312.pyc
byte-compiling /mnt/d/Curtin_Colombo/year_3/sem_1/mxen3005/assignment/mxen_ws/install/dobot/lib/python3.12/site-packages/dobot/joint_ptp_node.py to joint_ptp_node.cpython-312.pyc
byte-compiling /mnt/d/Curtin_Colombo/year_3/sem_1/mxen3005/assignment/mxen_ws/install/dobot/lib/python3.12/site-packages/dobot/joint_state_node.py to joint_state_node.cpython-312.pyc
byte-compiling /mnt/d/Curtin_Colombo/year_3/sem_1/mxen3005/assignment/mxen_ws/install/dobot/lib/python3.12/site-packages/dobot/pick_and_place_node.py to pick_and_place_node.cpython-312.pyc
byte-compiling /mnt/d/Curtin_Colombo/year_3/sem_1/mxen3005/assignment/mxen_ws/install/dobot/lib/python3.12/site-packages/dobot/suction_cup_node.py to suction_cup_node.cpython-312.pyc
byte-compiling /mnt/d/Curtin_Colombo/year_3/sem_1/mxen3005/assignment/mxen_ws/install/dobot/lib/python3.12/site-packages/dobot/__init__.py to __init__.cpython-312.pyc
running install_data
creating /mnt/d/Curtin_Colombo/year_3/sem_1/mxen3005/assignment/mxen_ws/install/dobot/share/ament_index
creating /mnt/d/Curtin_Colombo/year_3/sem_1/mxen3005/assignment/mxen_ws/install/dobot/share/ament_index/resource_index
creating /mnt/d/Curtin_Colombo/year_3/sem_1/mxen3005/assignment/mxen_ws/install/dobot/share/ament_index/resource_index/packages
copying resource/dobot -> /mnt/d/Curtin_Colombo/year_3/sem_1/mxen3005/assignment/mxen_ws/install/dobot/share/ament_index/resource_index/packages
copying package.xml -> /mnt/d/Curtin_Colombo/year_3/sem_1/mxen3005/assignment/mxen_ws/install/dobot/share/dobot
creating /mnt/d/Curtin_Colombo/year_3/sem_1/mxen3005/assignment/mxen_ws/install/dobot/share/dobot/launch
copying launch/dobot_launch.xml -> /mnt/d/Curtin_Colombo/year_3/sem_1/mxen3005/assignment/mxen_ws/install/dobot/share/dobot/launch
creating /mnt/d/Curtin_Colombo/year_3/sem_1/mxen3005/assignment/mxen_ws/install/dobot/share/dobot/resource
copying resource/dobot_server.py -> /mnt/d/Curtin_Colombo/year_3/sem_1/mxen3005/assignment/mxen_ws/install/dobot/share/dobot/resource
copying resource/dobot_driver.py -> /mnt/d/Curtin_Colombo/year_3/sem_1/mxen3005/assignment/mxen_ws/install/dobot/share/dobot/resource
running install_egg_info
Copying ../../build/dobot/dobot.egg-info to /mnt/d/Curtin_Colombo/year_3/sem_1/mxen3005/assignment/mxen_ws/install/dobot/lib/python3.12/site-packages/dobot-0.0.0-py3.12.egg-info
running install_scripts
Installing cartesian_ptp_node script to /mnt/d/Curtin_Colombo/year_3/sem_1/mxen3005/assignment/mxen_ws/install/dobot/lib/dobot
Installing homing_node script to /mnt/d/Curtin_Colombo/year_3/sem_1/mxen3005/assignment/mxen_ws/install/dobot/lib/dobot
Installing joint_ptp_node script to /mnt/d/Curtin_Colombo/year_3/sem_1/mxen3005/assignment/mxen_ws/install/dobot/lib/dobot
Installing joint_state_node script to /mnt/d/Curtin_Colombo/year_3/sem_1/mxen3005/assignment/mxen_ws/install/dobot/lib/dobot
Installing pick_and_place_node script to /mnt/d/Curtin_Colombo/year_3/sem_1/mxen3005/assignment/mxen_ws/install/dobot/lib/dobot
Installing suction_cup_node script to /mnt/d/Curtin_Colombo/year_3/sem_1/mxen3005/assignment/mxen_ws/install/dobot/lib/dobot
writing list of installed files to '/mnt/d/Curtin_Colombo/year_3/sem_1/mxen3005/assignment/mxen_ws/build/dobot/install.log'
